<?xml version="1.0" encoding="UTF-8"?>
<!-- Generated by org.testng.reporters.JUnitXMLReporter -->
<testsuite hostname="LeovoL420-4" ignored="0" name="Default test" tests="5" failures="0" timestamp="2019-08-01T16:17:09 IST" time="25.779" errors="0">
  <testcase name="@BeforeMethod setup1" time="25.655" classname="leavetestcases.Applyleavepagetest">
    <failure type="org.openqa.selenium.TimeoutException" message="timeout
  (Session info: chrome=75.0.3770.142)
  (Driver info: chromedriver=2.42.591088 (7b2b2dca23cca0862f674758c9a3933e685c27d5),platform=Windows NT 6.1.7601 SP1 x86_64) (WARNING: The server did not provide any stacktrace information)
Command duration or timeout: 20.05 seconds
Build info: version: &amp;apos;unknown&amp;apos;, revision: &amp;apos;unknown&amp;apos;, time: &amp;apos;unknown&amp;apos;
System info: host: &amp;apos;LEOVOL420-4&amp;apos;, ip: &amp;apos;192.168.6.38&amp;apos;, os.name: &amp;apos;Windows 7&amp;apos;, os.arch: &amp;apos;amd64&amp;apos;, os.version: &amp;apos;6.1&amp;apos;, java.version: &amp;apos;1.8.0_65&amp;apos;
Driver info: org.openqa.selenium.chrome.ChromeDriver
Capabilities [{mobileEmulationEnabled=false, hasTouchScreen=false, platform=XP, acceptSslCerts=false, goog:chromeOptions={debuggerAddress=localhost:50291}, acceptInsecureCerts=false, webStorageEnabled=true, browserName=chrome, takesScreenshot=true, javascriptEnabled=true, setWindowRect=true, unexpectedAlertBehaviour=, applicationCacheEnabled=false, rotatable=false, networkConnectionEnabled=false, chrome={chromedriverVersion=2.42.591088 (7b2b2dca23cca0862f674758c9a3933e685c27d5), userDataDir=C:\Users\KULDEE~1\AppData\Local\Temp\scoped_dir8680_29021}, takesHeapSnapshot=true, pageLoadStrategy=normal, databaseEnabled=false, handlesAlerts=true, version=75.0.3770.142, browserConnectionEnabled=false, nativeEvents=true, locationContextEnabled=true, cssSelectorsEnabled=true}]
Session ID: 972ecac34a2235df6df86669d67b0e3d">
      <![CDATA[org.openqa.selenium.TimeoutException: timeout
  (Session info: chrome=75.0.3770.142)
  (Driver info: chromedriver=2.42.591088 (7b2b2dca23cca0862f674758c9a3933e685c27d5),platform=Windows NT 6.1.7601 SP1 x86_64) (WARNING: The server did not provide any stacktrace information)
Command duration or timeout: 20.05 seconds
Build info: version: 'unknown', revision: 'unknown', time: 'unknown'
System info: host: 'LEOVOL420-4', ip: '192.168.6.38', os.name: 'Windows 7', os.arch: 'amd64', os.version: '6.1', java.version: '1.8.0_65'
Driver info: org.openqa.selenium.chrome.ChromeDriver
Capabilities [{mobileEmulationEnabled=false, hasTouchScreen=false, platform=XP, acceptSslCerts=false, goog:chromeOptions={debuggerAddress=localhost:50291}, acceptInsecureCerts=false, webStorageEnabled=true, browserName=chrome, takesScreenshot=true, javascriptEnabled=true, setWindowRect=true, unexpectedAlertBehaviour=, applicationCacheEnabled=false, rotatable=false, networkConnectionEnabled=false, chrome={chromedriverVersion=2.42.591088 (7b2b2dca23cca0862f674758c9a3933e685c27d5), userDataDir=C:\Users\KULDEE~1\AppData\Local\Temp\scoped_dir8680_29021}, takesHeapSnapshot=true, pageLoadStrategy=normal, databaseEnabled=false, handlesAlerts=true, version=75.0.3770.142, browserConnectionEnabled=false, nativeEvents=true, locationContextEnabled=true, cssSelectorsEnabled=true}]
Session ID: 972ecac34a2235df6df86669d67b0e3d
at sun.reflect.NativeConstructorAccessorImpl.newInstance0(Native Method)
at sun.reflect.NativeConstructorAccessorImpl.newInstance(Unknown Source)
at sun.reflect.DelegatingConstructorAccessorImpl.newInstance(Unknown Source)
at java.lang.reflect.Constructor.newInstance(Unknown Source)
at org.openqa.selenium.remote.ErrorHandler.createThrowable(ErrorHandler.java:215)
at org.openqa.selenium.remote.ErrorHandler.throwIfResponseFailed(ErrorHandler.java:167)
at org.openqa.selenium.remote.RemoteWebDriver.execute(RemoteWebDriver.java:671)
at org.openqa.selenium.remote.RemoteWebDriver.get(RemoteWebDriver.java:364)
at sun.reflect.NativeMethodAccessorImpl.invoke0(Native Method)
at sun.reflect.NativeMethodAccessorImpl.invoke(Unknown Source)
at sun.reflect.DelegatingMethodAccessorImpl.invoke(Unknown Source)
at java.lang.reflect.Method.invoke(Unknown Source)
at org.openqa.selenium.support.events.EventFiringWebDriver$2.invoke(EventFiringWebDriver.java:104)
at com.sun.proxy.$Proxy7.get(Unknown Source)
at org.openqa.selenium.support.events.EventFiringWebDriver.get(EventFiringWebDriver.java:163)
at leavebase.TestBase.initialisation(TestBase.java:77)
at leavetestcases.Applyleavepagetest.setup1(Applyleavepagetest.java:32)
at sun.reflect.NativeMethodAccessorImpl.invoke0(Native Method)
at sun.reflect.NativeMethodAccessorImpl.invoke(Unknown Source)
at sun.reflect.DelegatingMethodAccessorImpl.invoke(Unknown Source)
at java.lang.reflect.Method.invoke(Unknown Source)
at org.testng.internal.MethodInvocationHelper.invokeMethod(MethodInvocationHelper.java:131)
at org.testng.internal.MethodInvocationHelper.invokeMethodConsideringTimeout(MethodInvocationHelper.java:61)
at org.testng.internal.ConfigInvoker.invokeConfigurationMethod(ConfigInvoker.java:340)
at org.testng.internal.ConfigInvoker.invokeConfigurations(ConfigInvoker.java:294)
at org.testng.internal.TestInvoker.runConfigMethods(TestInvoker.java:669)
at org.testng.internal.TestInvoker.invokeMethod(TestInvoker.java:496)
at org.testng.internal.TestInvoker.invokeTestMethod(TestInvoker.java:170)
at org.testng.internal.MethodRunner.runInSequence(MethodRunner.java:46)
at org.testng.internal.TestInvoker$MethodInvocationAgent.invoke(TestInvoker.java:790)
at org.testng.internal.TestInvoker.invokeTestMethods(TestInvoker.java:143)
at org.testng.internal.TestMethodWorker.invokeTestMethods(TestMethodWorker.java:146)
at org.testng.internal.TestMethodWorker.run(TestMethodWorker.java:128)
at org.testng.TestRunner.privateRun(TestRunner.java:763)
at org.testng.TestRunner.run(TestRunner.java:594)
at org.testng.SuiteRunner.runTest(SuiteRunner.java:398)
at org.testng.SuiteRunner.runSequentially(SuiteRunner.java:392)
at org.testng.SuiteRunner.privateRun(SuiteRunner.java:355)
at org.testng.SuiteRunner.run(SuiteRunner.java:304)
at org.testng.SuiteRunnerWorker.runSuite(SuiteRunnerWorker.java:53)
at org.testng.SuiteRunnerWorker.run(SuiteRunnerWorker.java:96)
at org.testng.TestNG.runSuitesSequentially(TestNG.java:1146)
at org.testng.TestNG.runSuitesLocally(TestNG.java:1067)
at org.testng.TestNG.runSuites(TestNG.java:997)
at org.testng.TestNG.run(TestNG.java:965)
at org.testng.remote.AbstractRemoteTestNG.run(AbstractRemoteTestNG.java:115)
at org.testng.remote.RemoteTestNG.initAndRun(RemoteTestNG.java:251)
at org.testng.remote.RemoteTestNG.main(RemoteTestNG.java:77)
]]>
    </failure>
  </testcase> <!-- @BeforeMethod setup1 -->
  <testcase name="@AfterMethod teardown1" time="-1.564656429299E9" classname="leavetestcases.Applyleavepagetest">
    <skipped/>
  </testcase> <!-- @AfterMethod teardown1 -->
  <testcase name="@BeforeMethod setup1" time="-1.564656429303E9" classname="leavetestcases.Applyleavepagetest">
    <skipped/>
  </testcase> <!-- @BeforeMethod setup1 -->
  <testcase name="@AfterMethod teardown1" time="-1.564656429311E9" classname="leavetestcases.Applyleavepagetest">
    <skipped/>
  </testcase> <!-- @AfterMethod teardown1 -->
  <testcase name="@BeforeMethod setup1" time="-1.564656429313E9" classname="leavetestcases.Applyleavepagetest">
    <skipped/>
  </testcase> <!-- @BeforeMethod setup1 -->
  <testcase name="@AfterMethod teardown1" time="-1.564656429319E9" classname="leavetestcases.Applyleavepagetest">
    <skipped/>
  </testcase> <!-- @AfterMethod teardown1 -->
  <testcase name="@BeforeMethod setup1" time="-1.564656429322E9" classname="leavetestcases.Applyleavepagetest">
    <skipped/>
  </testcase> <!-- @BeforeMethod setup1 -->
  <testcase name="@AfterMethod teardown1" time="-1.564656429329E9" classname="leavetestcases.Applyleavepagetest">
    <skipped/>
  </testcase> <!-- @AfterMethod teardown1 -->
  <testcase name="@BeforeMethod setup1" time="-1.56465642933E9" classname="leavetestcases.Applyleavepagetest">
    <skipped/>
  </testcase> <!-- @BeforeMethod setup1 -->
  <testcase name="@AfterMethod teardown1" time="-1.564656429343E9" classname="leavetestcases.Applyleavepagetest">
    <skipped/>
  </testcase> <!-- @AfterMethod teardown1 -->
  <testcase name="SelectCasualLeave" time="0.0" classname="leavetestcases.Applyleavepagetest">
    <skipped/>
  </testcase> <!-- SelectCasualLeave -->
  <testcase name="EnterDate" time="0.0" classname="leavetestcases.Applyleavepagetest">
    <skipped/>
  </testcase> <!-- EnterDate -->
  <testcase name="WriteDescriptionTest" time="0.0" classname="leavetestcases.Applyleavepagetest">
    <skipped/>
  </testcase> <!-- WriteDescriptionTest -->
  <testcase name="verifymanangernametest" time="0.0" classname="leavetestcases.Applyleavepagetest">
    <skipped/>
  </testcase> <!-- verifymanangernametest -->
  <testcase name="ApplyCasualLeave" time="0.0" classname="leavetestcases.Applyleavepagetest">
    <skipped/>
  </testcase> <!-- ApplyCasualLeave -->
</testsuite> <!-- Default test -->
