<?xml version="1.0" encoding="UTF-8"?>
<testng-results skipped="0" failed="2" ignored="0" total="11" passed="9">
  <reporter-output>
  </reporter-output>
  <suite name="Suite" duration-ms="160275" started-at="2019-07-25T17:37:08 IST" finished-at="2019-07-25T17:39:48 IST">
    <groups>
    </groups>
    <test name="Test" duration-ms="160275" started-at="2019-07-25T17:37:08 IST" finished-at="2019-07-25T17:39:48 IST">
      <class name="leavetestcases.Applyleavepagetest">
        <test-method status="PASS" signature="setup1()[pri:0, instance:leavetestcases.Applyleavepagetest@3439f68d]" name="setup1" is-config="true" duration-ms="22358" started-at="2019-07-25T17:37:08 IST" finished-at="2019-07-25T17:37:30 IST">
          <reporter-output>
          </reporter-output>
        </test-method> <!-- setup1 -->
        <test-method status="FAIL" signature="ApplyCasualLeave()[pri:0, instance:leavetestcases.Applyleavepagetest@3439f68d]" name="ApplyCasualLeave" duration-ms="1769" started-at="2019-07-25T17:37:30 IST" finished-at="2019-07-25T17:37:32 IST">
          <exception class="org.openqa.selenium.ElementNotVisibleException">
            <message>
              <![CDATA[element not interactable: Element is not currently visible and may not be manipulated
  (Session info: chrome=75.0.3770.142)
  (Driver info: chromedriver=2.42.591088 (7b2b2dca23cca0862f674758c9a3933e685c27d5),platform=Windows NT 6.1.7601 SP1 x86_64) (WARNING: The server did not provide any stacktrace information)
Command duration or timeout: 28 milliseconds
Build info: version: 'unknown', revision: 'unknown', time: 'unknown'
System info: host: 'LEOVOL420-4', ip: '192.168.6.59', os.name: 'Windows 7', os.arch: 'amd64', os.version: '6.1', java.version: '1.8.0_65'
Driver info: org.openqa.selenium.chrome.ChromeDriver
Capabilities [{mobileEmulationEnabled=false, hasTouchScreen=false, platform=XP, acceptSslCerts=false, goog:chromeOptions={debuggerAddress=localhost:56939}, acceptInsecureCerts=false, webStorageEnabled=true, browserName=chrome, takesScreenshot=true, javascriptEnabled=true, setWindowRect=true, unexpectedAlertBehaviour=, applicationCacheEnabled=false, rotatable=false, networkConnectionEnabled=false, chrome={chromedriverVersion=2.42.591088 (7b2b2dca23cca0862f674758c9a3933e685c27d5), userDataDir=C:\Users\KULDEE~1\AppData\Local\Temp\scoped_dir6704_30849}, takesHeapSnapshot=true, pageLoadStrategy=normal, databaseEnabled=false, handlesAlerts=true, version=75.0.3770.142, browserConnectionEnabled=false, nativeEvents=true, locationContextEnabled=true, cssSelectorsEnabled=true}]
Session ID: 819219126f00dd806022d69109029cd7]]>
            </message>
            <full-stacktrace>
              <![CDATA[org.openqa.selenium.ElementNotVisibleException: element not interactable: Element is not currently visible and may not be manipulated
  (Session info: chrome=75.0.3770.142)
  (Driver info: chromedriver=2.42.591088 (7b2b2dca23cca0862f674758c9a3933e685c27d5),platform=Windows NT 6.1.7601 SP1 x86_64) (WARNING: The server did not provide any stacktrace information)
Command duration or timeout: 28 milliseconds
Build info: version: 'unknown', revision: 'unknown', time: 'unknown'
System info: host: 'LEOVOL420-4', ip: '192.168.6.59', os.name: 'Windows 7', os.arch: 'amd64', os.version: '6.1', java.version: '1.8.0_65'
Driver info: org.openqa.selenium.chrome.ChromeDriver
Capabilities [{mobileEmulationEnabled=false, hasTouchScreen=false, platform=XP, acceptSslCerts=false, goog:chromeOptions={debuggerAddress=localhost:56939}, acceptInsecureCerts=false, webStorageEnabled=true, browserName=chrome, takesScreenshot=true, javascriptEnabled=true, setWindowRect=true, unexpectedAlertBehaviour=, applicationCacheEnabled=false, rotatable=false, networkConnectionEnabled=false, chrome={chromedriverVersion=2.42.591088 (7b2b2dca23cca0862f674758c9a3933e685c27d5), userDataDir=C:\Users\KULDEE~1\AppData\Local\Temp\scoped_dir6704_30849}, takesHeapSnapshot=true, pageLoadStrategy=normal, databaseEnabled=false, handlesAlerts=true, version=75.0.3770.142, browserConnectionEnabled=false, nativeEvents=true, locationContextEnabled=true, cssSelectorsEnabled=true}]
Session ID: 819219126f00dd806022d69109029cd7
at sun.reflect.NativeConstructorAccessorImpl.newInstance0(Native Method)
at sun.reflect.NativeConstructorAccessorImpl.newInstance(Unknown Source)
at sun.reflect.DelegatingConstructorAccessorImpl.newInstance(Unknown Source)
at java.lang.reflect.Constructor.newInstance(Unknown Source)
at org.openqa.selenium.remote.ErrorHandler.createThrowable(ErrorHandler.java:215)
at org.openqa.selenium.remote.ErrorHandler.throwIfResponseFailed(ErrorHandler.java:167)
at org.openqa.selenium.remote.RemoteWebDriver.execute(RemoteWebDriver.java:671)
at org.openqa.selenium.remote.RemoteWebElement.execute(RemoteWebElement.java:272)
at org.openqa.selenium.remote.RemoteWebElement.click(RemoteWebElement.java:82)
at sun.reflect.NativeMethodAccessorImpl.invoke0(Native Method)
at sun.reflect.NativeMethodAccessorImpl.invoke(Unknown Source)
at sun.reflect.DelegatingMethodAccessorImpl.invoke(Unknown Source)
at java.lang.reflect.Method.invoke(Unknown Source)
at org.openqa.selenium.support.events.EventFiringWebDriver$EventFiringWebElement$1.invoke(EventFiringWebDriver.java:332)
at com.sun.proxy.$Proxy11.click(Unknown Source)
at org.openqa.selenium.support.events.EventFiringWebDriver$EventFiringWebElement.click(EventFiringWebDriver.java:345)
at org.openqa.selenium.support.ui.Select.setSelected(Select.java:324)
at org.openqa.selenium.support.ui.Select.selectByIndex(Select.java:179)
at leavepages.Applyleavepage.enterstartdate(Applyleavepage.java:113)
at leavetestcases.Applyleavepagetest.ApplyCasualLeave(Applyleavepagetest.java:115)
at sun.reflect.NativeMethodAccessorImpl.invoke0(Native Method)
at sun.reflect.NativeMethodAccessorImpl.invoke(Unknown Source)
at sun.reflect.DelegatingMethodAccessorImpl.invoke(Unknown Source)
at java.lang.reflect.Method.invoke(Unknown Source)
at org.testng.internal.MethodInvocationHelper.invokeMethod(MethodInvocationHelper.java:131)
at org.testng.internal.TestInvoker.invokeMethod(TestInvoker.java:570)
at org.testng.internal.TestInvoker.invokeTestMethod(TestInvoker.java:170)
at org.testng.internal.MethodRunner.runInSequence(MethodRunner.java:46)
at org.testng.internal.TestInvoker$MethodInvocationAgent.invoke(TestInvoker.java:790)
at org.testng.internal.TestInvoker.invokeTestMethods(TestInvoker.java:143)
at org.testng.internal.TestMethodWorker.invokeTestMethods(TestMethodWorker.java:146)
at org.testng.internal.TestMethodWorker.run(TestMethodWorker.java:128)
at org.testng.TestRunner.privateRun(TestRunner.java:763)
at org.testng.TestRunner.run(TestRunner.java:594)
at org.testng.SuiteRunner.runTest(SuiteRunner.java:398)
at org.testng.SuiteRunner.runSequentially(SuiteRunner.java:392)
at org.testng.SuiteRunner.privateRun(SuiteRunner.java:355)
at org.testng.SuiteRunner.run(SuiteRunner.java:304)
at org.testng.SuiteRunnerWorker.runSuite(SuiteRunnerWorker.java:53)
at org.testng.SuiteRunnerWorker.run(SuiteRunnerWorker.java:96)
at org.testng.TestNG.runSuitesSequentially(TestNG.java:1146)
at org.testng.TestNG.runSuitesLocally(TestNG.java:1067)
at org.testng.TestNG.runSuites(TestNG.java:997)
at org.testng.TestNG.run(TestNG.java:965)
at org.testng.remote.AbstractRemoteTestNG.run(AbstractRemoteTestNG.java:115)
at org.testng.remote.RemoteTestNG.initAndRun(RemoteTestNG.java:251)
at org.testng.remote.RemoteTestNG.main(RemoteTestNG.java:77)
]]>
            </full-stacktrace>
          </exception> <!-- org.openqa.selenium.ElementNotVisibleException -->
          <reporter-output>
          </reporter-output>
        </test-method> <!-- ApplyCasualLeave -->
        <test-method status="PASS" signature="teardown1()[pri:0, instance:leavetestcases.Applyleavepagetest@3439f68d]" name="teardown1" is-config="true" duration-ms="1166" started-at="2019-07-25T17:37:32 IST" finished-at="2019-07-25T17:37:33 IST">
          <reporter-output>
          </reporter-output>
        </test-method> <!-- teardown1 -->
        <test-method status="PASS" signature="setup1()[pri:0, instance:leavetestcases.Applyleavepagetest@3439f68d]" name="setup1" is-config="true" duration-ms="12641" started-at="2019-07-25T17:37:33 IST" finished-at="2019-07-25T17:37:46 IST">
          <reporter-output>
          </reporter-output>
        </test-method> <!-- setup1 -->
        <test-method status="FAIL" signature="EnterDate()[pri:0, instance:leavetestcases.Applyleavepagetest@3439f68d]" name="EnterDate" duration-ms="1561" started-at="2019-07-25T17:37:46 IST" finished-at="2019-07-25T17:37:47 IST">
          <exception class="org.openqa.selenium.ElementNotVisibleException">
            <message>
              <![CDATA[element not interactable: Element is not currently visible and may not be manipulated
  (Session info: chrome=75.0.3770.142)
  (Driver info: chromedriver=2.42.591088 (7b2b2dca23cca0862f674758c9a3933e685c27d5),platform=Windows NT 6.1.7601 SP1 x86_64) (WARNING: The server did not provide any stacktrace information)
Command duration or timeout: 31 milliseconds
Build info: version: 'unknown', revision: 'unknown', time: 'unknown'
System info: host: 'LEOVOL420-4', ip: '192.168.6.59', os.name: 'Windows 7', os.arch: 'amd64', os.version: '6.1', java.version: '1.8.0_65'
Driver info: org.openqa.selenium.chrome.ChromeDriver
Capabilities [{mobileEmulationEnabled=false, hasTouchScreen=false, platform=XP, acceptSslCerts=false, goog:chromeOptions={debuggerAddress=localhost:57001}, acceptInsecureCerts=false, webStorageEnabled=true, browserName=chrome, takesScreenshot=true, javascriptEnabled=true, setWindowRect=true, unexpectedAlertBehaviour=, applicationCacheEnabled=false, rotatable=false, networkConnectionEnabled=false, chrome={chromedriverVersion=2.42.591088 (7b2b2dca23cca0862f674758c9a3933e685c27d5), userDataDir=C:\Users\KULDEE~1\AppData\Local\Temp\scoped_dir11984_15304}, takesHeapSnapshot=true, pageLoadStrategy=normal, databaseEnabled=false, handlesAlerts=true, version=75.0.3770.142, browserConnectionEnabled=false, nativeEvents=true, locationContextEnabled=true, cssSelectorsEnabled=true}]
Session ID: 7e4635f5c7efeddc9a71fa163d0ee5b6]]>
            </message>
            <full-stacktrace>
              <![CDATA[org.openqa.selenium.ElementNotVisibleException: element not interactable: Element is not currently visible and may not be manipulated
  (Session info: chrome=75.0.3770.142)
  (Driver info: chromedriver=2.42.591088 (7b2b2dca23cca0862f674758c9a3933e685c27d5),platform=Windows NT 6.1.7601 SP1 x86_64) (WARNING: The server did not provide any stacktrace information)
Command duration or timeout: 31 milliseconds
Build info: version: 'unknown', revision: 'unknown', time: 'unknown'
System info: host: 'LEOVOL420-4', ip: '192.168.6.59', os.name: 'Windows 7', os.arch: 'amd64', os.version: '6.1', java.version: '1.8.0_65'
Driver info: org.openqa.selenium.chrome.ChromeDriver
Capabilities [{mobileEmulationEnabled=false, hasTouchScreen=false, platform=XP, acceptSslCerts=false, goog:chromeOptions={debuggerAddress=localhost:57001}, acceptInsecureCerts=false, webStorageEnabled=true, browserName=chrome, takesScreenshot=true, javascriptEnabled=true, setWindowRect=true, unexpectedAlertBehaviour=, applicationCacheEnabled=false, rotatable=false, networkConnectionEnabled=false, chrome={chromedriverVersion=2.42.591088 (7b2b2dca23cca0862f674758c9a3933e685c27d5), userDataDir=C:\Users\KULDEE~1\AppData\Local\Temp\scoped_dir11984_15304}, takesHeapSnapshot=true, pageLoadStrategy=normal, databaseEnabled=false, handlesAlerts=true, version=75.0.3770.142, browserConnectionEnabled=false, nativeEvents=true, locationContextEnabled=true, cssSelectorsEnabled=true}]
Session ID: 7e4635f5c7efeddc9a71fa163d0ee5b6
at sun.reflect.NativeConstructorAccessorImpl.newInstance0(Native Method)
at sun.reflect.NativeConstructorAccessorImpl.newInstance(Unknown Source)
at sun.reflect.DelegatingConstructorAccessorImpl.newInstance(Unknown Source)
at java.lang.reflect.Constructor.newInstance(Unknown Source)
at org.openqa.selenium.remote.ErrorHandler.createThrowable(ErrorHandler.java:215)
at org.openqa.selenium.remote.ErrorHandler.throwIfResponseFailed(ErrorHandler.java:167)
at org.openqa.selenium.remote.RemoteWebDriver.execute(RemoteWebDriver.java:671)
at org.openqa.selenium.remote.RemoteWebElement.execute(RemoteWebElement.java:272)
at org.openqa.selenium.remote.RemoteWebElement.click(RemoteWebElement.java:82)
at sun.reflect.GeneratedMethodAccessor6.invoke(Unknown Source)
at sun.reflect.DelegatingMethodAccessorImpl.invoke(Unknown Source)
at java.lang.reflect.Method.invoke(Unknown Source)
at org.openqa.selenium.support.events.EventFiringWebDriver$EventFiringWebElement$1.invoke(EventFiringWebDriver.java:332)
at com.sun.proxy.$Proxy11.click(Unknown Source)
at org.openqa.selenium.support.events.EventFiringWebDriver$EventFiringWebElement.click(EventFiringWebDriver.java:345)
at org.openqa.selenium.support.ui.Select.setSelected(Select.java:324)
at org.openqa.selenium.support.ui.Select.selectByIndex(Select.java:179)
at leavepages.Applyleavepage.enterstartdate(Applyleavepage.java:113)
at leavetestcases.Applyleavepagetest.EnterDate(Applyleavepagetest.java:83)
at sun.reflect.NativeMethodAccessorImpl.invoke0(Native Method)
at sun.reflect.NativeMethodAccessorImpl.invoke(Unknown Source)
at sun.reflect.DelegatingMethodAccessorImpl.invoke(Unknown Source)
at java.lang.reflect.Method.invoke(Unknown Source)
at org.testng.internal.MethodInvocationHelper.invokeMethod(MethodInvocationHelper.java:131)
at org.testng.internal.TestInvoker.invokeMethod(TestInvoker.java:570)
at org.testng.internal.TestInvoker.invokeTestMethod(TestInvoker.java:170)
at org.testng.internal.MethodRunner.runInSequence(MethodRunner.java:46)
at org.testng.internal.TestInvoker$MethodInvocationAgent.invoke(TestInvoker.java:790)
at org.testng.internal.TestInvoker.invokeTestMethods(TestInvoker.java:143)
at org.testng.internal.TestMethodWorker.invokeTestMethods(TestMethodWorker.java:146)
at org.testng.internal.TestMethodWorker.run(TestMethodWorker.java:128)
at org.testng.TestRunner.privateRun(TestRunner.java:763)
at org.testng.TestRunner.run(TestRunner.java:594)
at org.testng.SuiteRunner.runTest(SuiteRunner.java:398)
at org.testng.SuiteRunner.runSequentially(SuiteRunner.java:392)
at org.testng.SuiteRunner.privateRun(SuiteRunner.java:355)
at org.testng.SuiteRunner.run(SuiteRunner.java:304)
at org.testng.SuiteRunnerWorker.runSuite(SuiteRunnerWorker.java:53)
at org.testng.SuiteRunnerWorker.run(SuiteRunnerWorker.java:96)
at org.testng.TestNG.runSuitesSequentially(TestNG.java:1146)
at org.testng.TestNG.runSuitesLocally(TestNG.java:1067)
at org.testng.TestNG.runSuites(TestNG.java:997)
at org.testng.TestNG.run(TestNG.java:965)
at org.testng.remote.AbstractRemoteTestNG.run(AbstractRemoteTestNG.java:115)
at org.testng.remote.RemoteTestNG.initAndRun(RemoteTestNG.java:251)
at org.testng.remote.RemoteTestNG.main(RemoteTestNG.java:77)
]]>
            </full-stacktrace>
          </exception> <!-- org.openqa.selenium.ElementNotVisibleException -->
          <reporter-output>
          </reporter-output>
        </test-method> <!-- EnterDate -->
        <test-method status="PASS" signature="teardown1()[pri:0, instance:leavetestcases.Applyleavepagetest@3439f68d]" name="teardown1" is-config="true" duration-ms="1370" started-at="2019-07-25T17:37:47 IST" finished-at="2019-07-25T17:37:49 IST">
          <reporter-output>
          </reporter-output>
        </test-method> <!-- teardown1 -->
        <test-method status="PASS" signature="setup1()[pri:0, instance:leavetestcases.Applyleavepagetest@3439f68d]" name="setup1" is-config="true" duration-ms="18514" started-at="2019-07-25T17:37:49 IST" finished-at="2019-07-25T17:38:07 IST">
          <reporter-output>
          </reporter-output>
        </test-method> <!-- setup1 -->
        <test-method status="PASS" signature="SelectCasualLeave()[pri:0, instance:leavetestcases.Applyleavepagetest@3439f68d]" name="SelectCasualLeave" duration-ms="212" started-at="2019-07-25T17:38:07 IST" finished-at="2019-07-25T17:38:07 IST">
          <reporter-output>
          </reporter-output>
        </test-method> <!-- SelectCasualLeave -->
        <test-method status="PASS" signature="teardown1()[pri:0, instance:leavetestcases.Applyleavepagetest@3439f68d]" name="teardown1" is-config="true" duration-ms="864" started-at="2019-07-25T17:38:07 IST" finished-at="2019-07-25T17:38:08 IST">
          <reporter-output>
          </reporter-output>
        </test-method> <!-- teardown1 -->
        <test-method status="PASS" signature="setup1()[pri:0, instance:leavetestcases.Applyleavepagetest@3439f68d]" name="setup1" is-config="true" duration-ms="16490" started-at="2019-07-25T17:38:08 IST" finished-at="2019-07-25T17:38:25 IST">
          <reporter-output>
          </reporter-output>
        </test-method> <!-- setup1 -->
        <test-method status="PASS" signature="WriteDescriptionTest()[pri:0, instance:leavetestcases.Applyleavepagetest@3439f68d]" name="WriteDescriptionTest" duration-ms="246" started-at="2019-07-25T17:38:25 IST" finished-at="2019-07-25T17:38:25 IST">
          <reporter-output>
          </reporter-output>
        </test-method> <!-- WriteDescriptionTest -->
        <test-method status="PASS" signature="teardown1()[pri:0, instance:leavetestcases.Applyleavepagetest@3439f68d]" name="teardown1" is-config="true" duration-ms="965" started-at="2019-07-25T17:38:25 IST" finished-at="2019-07-25T17:38:26 IST">
          <reporter-output>
          </reporter-output>
        </test-method> <!-- teardown1 -->
        <test-method status="PASS" signature="setup1()[pri:0, instance:leavetestcases.Applyleavepagetest@3439f68d]" name="setup1" is-config="true" duration-ms="19923" started-at="2019-07-25T17:38:52 IST" finished-at="2019-07-25T17:39:12 IST">
          <reporter-output>
          </reporter-output>
        </test-method> <!-- setup1 -->
        <test-method status="PASS" signature="verifymanangernametest()[pri:0, instance:leavetestcases.Applyleavepagetest@3439f68d]" name="verifymanangernametest" duration-ms="59" started-at="2019-07-25T17:39:12 IST" finished-at="2019-07-25T17:39:12 IST">
          <reporter-output>
          </reporter-output>
        </test-method> <!-- verifymanangernametest -->
        <test-method status="PASS" signature="teardown1()[pri:0, instance:leavetestcases.Applyleavepagetest@3439f68d]" name="teardown1" is-config="true" duration-ms="909" started-at="2019-07-25T17:39:12 IST" finished-at="2019-07-25T17:39:13 IST">
          <reporter-output>
          </reporter-output>
        </test-method> <!-- teardown1 -->
      </class> <!-- leavetestcases.Applyleavepagetest -->
      <class name="leavetestcases.Loginpagetest">
        <test-method status="PASS" signature="setup()[pri:0, instance:leavetestcases.Loginpagetest@71d15f18]" name="setup" is-config="true" duration-ms="5195" started-at="2019-07-25T17:39:24 IST" finished-at="2019-07-25T17:39:29 IST">
          <reporter-output>
          </reporter-output>
        </test-method> <!-- setup -->
        <test-method status="PASS" signature="logintest()[pri:0, instance:leavetestcases.Loginpagetest@71d15f18]" name="logintest" duration-ms="3796" started-at="2019-07-25T17:39:29 IST" finished-at="2019-07-25T17:39:33 IST">
          <reporter-output>
          </reporter-output>
        </test-method> <!-- logintest -->
        <test-method status="PASS" signature="teardown()[pri:0, instance:leavetestcases.Loginpagetest@71d15f18]" name="teardown" is-config="true" duration-ms="962" started-at="2019-07-25T17:39:33 IST" finished-at="2019-07-25T17:39:34 IST">
          <reporter-output>
          </reporter-output>
        </test-method> <!-- teardown -->
        <test-method status="PASS" signature="setup()[pri:0, instance:leavetestcases.Loginpagetest@71d15f18]" name="setup" is-config="true" duration-ms="4902" started-at="2019-07-25T17:39:34 IST" finished-at="2019-07-25T17:39:39 IST">
          <reporter-output>
          </reporter-output>
        </test-method> <!-- setup -->
        <test-method status="PASS" signature="loginpagetitletest()[pri:1, instance:leavetestcases.Loginpagetest@71d15f18]" name="loginpagetitletest" duration-ms="18" started-at="2019-07-25T17:39:39 IST" finished-at="2019-07-25T17:39:39 IST">
          <reporter-output>
          </reporter-output>
        </test-method> <!-- loginpagetitletest -->
        <test-method status="PASS" signature="teardown()[pri:0, instance:leavetestcases.Loginpagetest@71d15f18]" name="teardown" is-config="true" duration-ms="881" started-at="2019-07-25T17:39:39 IST" finished-at="2019-07-25T17:39:40 IST">
          <reporter-output>
          </reporter-output>
        </test-method> <!-- teardown -->
        <test-method status="PASS" signature="setup()[pri:0, instance:leavetestcases.Loginpagetest@71d15f18]" name="setup" is-config="true" duration-ms="6852" started-at="2019-07-25T17:39:40 IST" finished-at="2019-07-25T17:39:47 IST">
          <reporter-output>
          </reporter-output>
        </test-method> <!-- setup -->
        <test-method status="PASS" signature="stllogoimagetest()[pri:2, instance:leavetestcases.Loginpagetest@71d15f18]" name="stllogoimagetest" duration-ms="63" started-at="2019-07-25T17:39:47 IST" finished-at="2019-07-25T17:39:47 IST">
          <reporter-output>
          </reporter-output>
        </test-method> <!-- stllogoimagetest -->
        <test-method status="PASS" signature="teardown()[pri:0, instance:leavetestcases.Loginpagetest@71d15f18]" name="teardown" is-config="true" duration-ms="852" started-at="2019-07-25T17:39:47 IST" finished-at="2019-07-25T17:39:48 IST">
          <reporter-output>
          </reporter-output>
        </test-method> <!-- teardown -->
      </class> <!-- leavetestcases.Loginpagetest -->
      <class name="leavetestcases.Homepagetest">
        <test-method status="PASS" signature="setup()[pri:0, instance:leavetestcases.Homepagetest@dbd940d]" name="setup" is-config="true" duration-ms="10448" started-at="2019-07-25T17:38:26 IST" finished-at="2019-07-25T17:38:36 IST">
          <reporter-output>
          </reporter-output>
        </test-method> <!-- setup -->
        <test-method status="PASS" signature="clickapplyleavepagetest()[pri:0, instance:leavetestcases.Homepagetest@dbd940d]" name="clickapplyleavepagetest" duration-ms="3736" started-at="2019-07-25T17:38:36 IST" finished-at="2019-07-25T17:38:40 IST">
          <reporter-output>
          </reporter-output>
        </test-method> <!-- clickapplyleavepagetest -->
        <test-method status="PASS" signature="teardown()[pri:0, instance:leavetestcases.Homepagetest@dbd940d]" name="teardown" is-config="true" duration-ms="1107" started-at="2019-07-25T17:38:40 IST" finished-at="2019-07-25T17:38:41 IST">
          <reporter-output>
          </reporter-output>
        </test-method> <!-- teardown -->
        <test-method status="PASS" signature="setup()[pri:0, instance:leavetestcases.Homepagetest@dbd940d]" name="setup" is-config="true" duration-ms="9931" started-at="2019-07-25T17:38:41 IST" finished-at="2019-07-25T17:38:51 IST">
          <reporter-output>
          </reporter-output>
        </test-method> <!-- setup -->
        <test-method status="PASS" signature="verifyhomepagetitletest()[pri:0, instance:leavetestcases.Homepagetest@dbd940d]" name="verifyhomepagetitletest" duration-ms="41" started-at="2019-07-25T17:38:51 IST" finished-at="2019-07-25T17:38:51 IST">
          <reporter-output>
          </reporter-output>
        </test-method> <!-- verifyhomepagetitletest -->
        <test-method status="PASS" signature="teardown()[pri:0, instance:leavetestcases.Homepagetest@dbd940d]" name="teardown" is-config="true" duration-ms="947" started-at="2019-07-25T17:38:51 IST" finished-at="2019-07-25T17:38:52 IST">
          <reporter-output>
          </reporter-output>
        </test-method> <!-- teardown -->
        <test-method status="PASS" signature="setup()[pri:0, instance:leavetestcases.Homepagetest@dbd940d]" name="setup" is-config="true" duration-ms="10453" started-at="2019-07-25T17:39:13 IST" finished-at="2019-07-25T17:39:23 IST">
          <reporter-output>
          </reporter-output>
        </test-method> <!-- setup -->
        <test-method status="PASS" signature="verifyusernametest()[pri:0, instance:leavetestcases.Homepagetest@dbd940d]" name="verifyusernametest" duration-ms="96" started-at="2019-07-25T17:39:23 IST" finished-at="2019-07-25T17:39:23 IST">
          <reporter-output>
          </reporter-output>
        </test-method> <!-- verifyusernametest -->
        <test-method status="PASS" signature="teardown()[pri:0, instance:leavetestcases.Homepagetest@dbd940d]" name="teardown" is-config="true" duration-ms="822" started-at="2019-07-25T17:39:23 IST" finished-at="2019-07-25T17:39:24 IST">
          <reporter-output>
          </reporter-output>
        </test-method> <!-- teardown -->
      </class> <!-- leavetestcases.Homepagetest -->
    </test> <!-- Test -->
  </suite> <!-- Suite -->
</testng-results>
